============================= test session starts =============================
platform win32 -- Python 3.14.2, pytest-9.0.2, pluggy-1.6.0
rootdir: E:\PycharmProjects\Tensiometro
configfile: pytest.ini
plugins: asyncio-1.3.0, cov-7.0.0, mock-3.15.1
asyncio: mode=Mode.STRICT, debug=False, asyncio_default_fixture_loop_scope=None, asyncio_default_test_loop_scope=function
collected 1496 items

tests\integration\gerber_core\test_mainwindow_refactoring.py ..........s [  0%]
ss                                                                       [  0%]
tests\integration\test_auth_config_e2e.py ...........                    [  1%]
tests\integration\test_config_manager.py ............................... [  3%]
.................                                                        [  4%]
tests\integration\test_database_integration.py ...................       [  6%]
tests\integration\test_fiducial_alignment.py ........................... [  7%]
..................................                                       [ 10%]
tests\integration\test_gerber_renderer.py .............................. [ 12%]
.......                                                                  [ 12%]
tests\integration\test_operator_workflow_acceptance.py ..